The system is: Linux - 3.10.0-957.5.1.el7.x86_64 - x86_64
Compiling the Fortran compiler identification source file "CMakeFortranCompilerId.F" succeeded.
Compiler: /opt/intel/compilers_and_libraries_2017.4.196/linux/bin/intel64/ifort 
Build flags: 
Id flags: -v 

The output was:
0
ifort version 17.0.4
/opt/intel/compilers_and_libraries_2017.4.196/linux/bin/intel64/fpp    -D__INTEL_COMPILER=1700 -D__INTEL_COMPILER_UPDATE=4 -D__unix__ -D__unix -D__linux__ -D__linux -D__gnu_linux__ -Dunix -Dlinux -D__ELF__ -D__x86_64 -D__x86_64__ -D__amd64 -D__amd64__ -D__INTEL_COMPILER_BUILD_DATE=20170411 -D__INTEL_OFFLOAD -D__i686 -D__i686__ -D__pentiumpro -D__pentiumpro__ -D__pentium4 -D__pentium4__ -D__tune_pentium4__ -D__SSE2__ -D__SSE2_MATH__ -D__SSE__ -D__SSE_MATH__ -D__MMX__ -I. -I/opt/intel/compilers_and_libraries_2017.4.196/linux/daal/include -I/opt/intel/compilers_and_libraries_2017.4.196/linux/tbb/include -I/opt/intel/compilers_and_libraries_2017.4.196/linux/mkl/include -I/opt/intel/compilers_and_libraries_2017.4.196/linux/ipp/include -I/opt/intel/compilers_and_libraries_2017.4.196/linux/compiler/include/intel64 -I/opt/intel/compilers_and_libraries_2017.4.196/linux/compiler/include/icc -I/opt/intel/compilers_and_libraries_2017.4.196/linux/compiler/include -I/usr/local/include -I/opt/apps/gcc/5.4.0/lib/gcc/x86_64-unknown-linux-gnu/5.4.0/include -I/opt/apps/gcc/5.4.0/lib/gcc/x86_64-unknown-linux-gnu/5.4.0/include-fixed -I/opt/apps/gcc/5.4.0/include/ -I/usr/include -fixed -4Ycpp -4Ncvf -f_com=yes -MX CMakeFortranCompilerId.F /tmp/iforttmlSBU.i
#include "..." search starts here:
#include <...> search starts here:
 .
 /opt/intel/compilers_and_libraries_2017.4.196/linux/daal/include
 /opt/intel/compilers_and_libraries_2017.4.196/linux/tbb/include
 /opt/intel/compilers_and_libraries_2017.4.196/linux/mkl/include
 /opt/intel/compilers_and_libraries_2017.4.196/linux/ipp/include
 /opt/intel/compilers_and_libraries_2017.4.196/linux/compiler/include/intel64
 /opt/intel/compilers_and_libraries_2017.4.196/linux/compiler/include/icc
 /opt/intel/compilers_and_libraries_2017.4.196/linux/compiler/include
 /usr/local/include
 /opt/apps/gcc/5.4.0/lib/gcc/x86_64-unknown-linux-gnu/5.4.0/include
 /opt/apps/gcc/5.4.0/lib/gcc/x86_64-unknown-linux-gnu/5.4.0/include-fixed
 /opt/apps/gcc/5.4.0/include/
 /usr/include
End of search list.
/opt/intel/compilers_and_libraries_2017.4.196/linux/bin/intel64/fortcom    -D__INTEL_COMPILER=1700 -D__INTEL_COMPILER_UPDATE=4 -D__unix__ -D__unix -D__linux__ -D__linux -D__gnu_linux__ -Dunix -Dlinux -D__ELF__ -D__x86_64 -D__x86_64__ -D__amd64 -D__amd64__ -D__INTEL_COMPILER_BUILD_DATE=20170411 -D__INTEL_OFFLOAD -D__i686 -D__i686__ -D__pentiumpro -D__pentiumpro__ -D__pentium4 -D__pentium4__ -D__tune_pentium4__ -D__SSE2__ -D__SSE2_MATH__ -D__SSE__ -D__SSE_MATH__ -D__MMX__ -mGLOB_pack_sort_init_list -I. -I/opt/intel/compilers_and_libraries_2017.4.196/linux/daal/include -I/opt/intel/compilers_and_libraries_2017.4.196/linux/tbb/include -I/opt/intel/compilers_and_libraries_2017.4.196/linux/mkl/include -I/opt/intel/compilers_and_libraries_2017.4.196/linux/ipp/include -I/opt/intel/compilers_and_libraries_2017.4.196/linux/compiler/include/intel64 -I/opt/intel/compilers_and_libraries_2017.4.196/linux/compiler/include/icc -I/opt/intel/compilers_and_libraries_2017.4.196/linux/compiler/include -I/usr/local/include -I/opt/apps/gcc/5.4.0/lib/gcc/x86_64-unknown-linux-gnu/5.4.0/include -I/opt/apps/gcc/5.4.0/lib/gcc/x86_64-unknown-linux-gnu/5.4.0/include-fixed -I/opt/apps/gcc/5.4.0/include/ -I/usr/include -O2 "-reentrancy threaded" -simd -offload_host -mGLOB_em64t=TRUE -mP1OPT_version=17.0-intel64 -mGLOB_diag_file=/tmp/ifortoGco4B.diag -mGLOB_long_size_64 -mGLOB_routine_pointer_size_64 -mGLOB_source_language=GLOB_SOURCE_LANGUAGE_F90 -mP2OPT_static_promotion -mP1OPT_print_version=FALSE -mCG_use_gas_got_workaround=F -mP2OPT_align_option_used=TRUE -mGLOB_gcc_version=540 -mGLOB_options_string=-v -mGLOB_cxx_limited_range=FALSE -mCG_extend_parms=FALSE -mGLOB_compiler_bin_directory=/opt/intel/compilers_and_libraries_2017.4.196/linux/bin/intel64 -mGLOB_as_output_backup_file_name=/tmp/ifortKJmwhOas_.s -mGLOB_dashboard_use_source_name -mIPOPT_activate -mIPOPT_lite -mGLOB_instruction_tuning=0x0 -mGLOB_uarch_tuning=0x0 -mGLOB_product_id_code=0x22006d8f -mCG_bnl_movbe=T -mGLOB_extended_instructions=0x8 -mP3OPT_use_mspp_call_convention -mP2OPT_subs_out_of_bound=FALSE -mP2OPT_disam_type_based_disam=2 -mGLOB_ansi_alias -mPGOPTI_value_profile_use=T -mGLOB_opt_report_use_source_name -mP2OPT_il0_array_sections=TRUE -mGLOB_offload_mode=1 -mP2OPT_offload_unique_var_string=ifort1913972907vEt0p7 -mP2OPT_hlo_level=2 -mP2OPT_hlo -mP2OPT_hpo_rtt_control=0 -mIPOPT_args_in_regs=0 -mP2OPT_disam_assume_nonstd_intent_in=FALSE -mGLOB_imf_mapping_library=/opt/intel/compilers_and_libraries_2017.4.196/linux/bin/intel64/libiml_attr.so -mIPOPT_single_file_compile_and_link=TRUE -mPGOPTI_gen_threadsafe_level=0 -mIPOPT_lto_object_enabled -mIPOPT_lto_object_value=1 -mIPOPT_obj_output_file_name=/tmp/ifortoGco4B.o -mIPOPT_whole_archive_fixup_file_name=/tmp/ifortwarchwehHsp -mGLOB_linker_version=2.26.20160125 -mGLOB_driver_tempfile_name=/tmp/iforttempfileZoLO4H -mP3OPT_asm_target=P3OPT_ASM_TARGET_GAS -mGLOB_async_unwind_tables=TRUE -mGLOB_obj_output_file=/tmp/ifortoGco4B.o -mGLOB_source_dialect=GLOB_SOURCE_DIALECT_FORTRAN -mP1OPT_source_file_name=CMakeFortranCompilerId.F -mP1OPT_full_source_file_name=/work2/04637/mdl2665/stampede2/From_Kyle/ATMESH/build/CMakeFiles/3.16.1/CompilerIdFortran/CMakeFortranCompilerId.F -mP2OPT_symtab_type_copy=true /tmp/iforttmlSBU.i
#include "..." search starts here:
#include <...> search starts here:
 .
 /opt/intel/compilers_and_libraries_2017.4.196/linux/daal/include
 /opt/intel/compilers_and_libraries_2017.4.196/linux/tbb/include
 /opt/intel/compilers_and_libraries_2017.4.196/linux/mkl/include
 /opt/intel/compilers_and_libraries_2017.4.196/linux/ipp/include
 /opt/intel/compilers_and_libraries_2017.4.196/linux/compiler/include/intel64
 /opt/intel/compilers_and_libraries_2017.4.196/linux/compiler/include/icc
 /opt/intel/compilers_and_libraries_2017.4.196/linux/compiler/include
 /usr/local/include
 /opt/apps/gcc/5.4.0/lib/gcc/x86_64-unknown-linux-gnu/5.4.0/include
 /opt/apps/gcc/5.4.0/lib/gcc/x86_64-unknown-linux-gnu/5.4.0/include-fixed
 /opt/apps/gcc/5.4.0/include/
 /usr/include
End of search list.
ld    /lib/../lib64/crt1.o /lib/../lib64/crti.o /opt/apps/gcc/5.4.0/lib/gcc/x86_64-unknown-linux-gnu/5.4.0/crtbegin.o --eh-frame-hdr --build-id -dynamic-linker /lib64/ld-linux-x86-64.so.2 -m elf_x86_64 -o a.out /opt/intel/compilers_and_libraries_2017.4.196/linux/compiler/lib/intel64_lin/for_main.o -L/opt/intel/compilers_and_libraries_2017.4.196/linux/daal/../tbb/lib/intel64_lin/gcc4.4 -L/opt/intel/compilers_and_libraries_2017.4.196/linux/daal/lib/intel64_lin -L/opt/intel/compilers_and_libraries_2017.4.196/linux/tbb/lib/intel64/gcc4.7 -L/opt/intel/compilers_and_libraries_2017.4.196/linux/mkl/lib/intel64_lin -L/opt/intel/compilers_and_libraries_2017.4.196/linux/compiler/lib/intel64_lin -L/opt/intel/compilers_and_libraries_2017.4.196/linux/ipp/lib/intel64 -L/opt/intel/compilers_and_libraries_2017.4.196/linux/compiler/lib/intel64_lin -L/opt/apps/gcc/5.4.0/lib/gcc/x86_64-unknown-linux-gnu/5.4.0/ -L/opt/apps/gcc/5.4.0/lib/gcc/x86_64-unknown-linux-gnu/5.4.0/../../../../lib64 -L/opt/apps/gcc/5.4.0/lib/gcc/x86_64-unknown-linux-gnu/5.4.0/../../../../lib64/ -L/lib/../lib64 -L/lib/../lib64/ -L/usr/lib/../lib64 -L/usr/lib/../lib64/ -L/opt/intel/compilers_and_libraries_2017.4.196/linux/daal/../tbb/lib/intel64_lin/gcc4.4/ -L/opt/intel/compilers_and_libraries_2017.4.196/linux/daal/lib/intel64_lin/ -L/opt/intel/compilers_and_libraries_2017.4.196/linux/tbb/lib/intel64/gcc4.7/ -L/opt/intel/compilers_and_libraries_2017.4.196/linux/mkl/lib/intel64_lin/ -L/opt/intel/compilers_and_libraries_2017.4.196/linux/compiler/lib/intel64_lin/ -L/opt/intel/compilers_and_libraries_2017.4.196/linux/ipp/lib/intel64/ -L/opt/apps/gcc/5.4.0/lib/gcc/x86_64-unknown-linux-gnu/5.4.0/../../../ -L/lib64 -L/lib/ -L/usr/lib64 -L/usr/lib /tmp/ifortoGco4B.o -Bdynamic -Bstatic -lifport -lifcoremt -limf -lsvml -Bdynamic -lm -Bstatic -lipgo -lirc -Bdynamic -lpthread -Bstatic -lsvml -Bdynamic -lc -lgcc -lgcc_s -Bstatic -lirc_s -Bdynamic -ldl -lc /opt/apps/gcc/5.4.0/lib/gcc/x86_64-unknown-linux-gnu/5.4.0/crtend.o /lib/../lib64/crtn.o


Compilation of the Fortran compiler identification source "CMakeFortranCompilerId.F" produced "a.out"

The Fortran compiler identification is Intel, found in "/work2/04637/mdl2665/stampede2/From_Kyle/ATMESH/build/CMakeFiles/3.16.1/CompilerIdFortran/a.out"

Determining if the Fortran compiler works passed with the following output:
Change Dir: /work2/04637/mdl2665/stampede2/From_Kyle/ATMESH/build/CMakeFiles/CMakeTmp

Run Build Command(s):/bin/gmake cmTC_84a65/fast && /bin/gmake -f CMakeFiles/cmTC_84a65.dir/build.make CMakeFiles/cmTC_84a65.dir/build
gmake[1]: Entering directory `/work2/04637/mdl2665/stampede2/From_Kyle/ATMESH/build/CMakeFiles/CMakeTmp'
Building Fortran object CMakeFiles/cmTC_84a65.dir/testFortranCompiler.f.o
/opt/intel/compilers_and_libraries_2017.4.196/linux/bin/intel64/ifort    -c /work2/04637/mdl2665/stampede2/From_Kyle/ATMESH/build/CMakeFiles/CMakeTmp/testFortranCompiler.f -o CMakeFiles/cmTC_84a65.dir/testFortranCompiler.f.o
Linking Fortran executable cmTC_84a65
/opt/apps/cmake/3.16.1/bin/cmake -E cmake_link_script CMakeFiles/cmTC_84a65.dir/link.txt --verbose=1
/opt/intel/compilers_and_libraries_2017.4.196/linux/bin/intel64/ifort      CMakeFiles/cmTC_84a65.dir/testFortranCompiler.f.o  -o cmTC_84a65 
gmake[1]: Leaving directory `/work2/04637/mdl2665/stampede2/From_Kyle/ATMESH/build/CMakeFiles/CMakeTmp'



Detecting Fortran compiler ABI info compiled with the following output:
Change Dir: /work2/04637/mdl2665/stampede2/From_Kyle/ATMESH/build/CMakeFiles/CMakeTmp

Run Build Command(s):/bin/gmake cmTC_d64d3/fast && /bin/gmake -f CMakeFiles/cmTC_d64d3.dir/build.make CMakeFiles/cmTC_d64d3.dir/build
gmake[1]: Entering directory `/work2/04637/mdl2665/stampede2/From_Kyle/ATMESH/build/CMakeFiles/CMakeTmp'
Building Fortran object CMakeFiles/cmTC_d64d3.dir/CMakeFortranCompilerABI.F.o
/opt/intel/compilers_and_libraries_2017.4.196/linux/bin/intel64/ifort   -v -c /opt/apps/cmake/3.16.1/share/cmake-3.16/Modules/CMakeFortranCompilerABI.F -o CMakeFiles/cmTC_d64d3.dir/CMakeFortranCompilerABI.F.o
ifort version 17.0.4
/opt/intel/compilers_and_libraries_2017.4.196/linux/bin/intel64/fpp    -D__INTEL_COMPILER=1700 -D__INTEL_COMPILER_UPDATE=4 -D__unix__ -D__unix -D__linux__ -D__linux -D__gnu_linux__ -Dunix -Dlinux -D__ELF__ -D__x86_64 -D__x86_64__ -D__amd64 -D__amd64__ -D__INTEL_COMPILER_BUILD_DATE=20170411 -D__INTEL_OFFLOAD -D__i686 -D__i686__ -D__pentiumpro -D__pentiumpro__ -D__pentium4 -D__pentium4__ -D__tune_pentium4__ -D__SSE2__ -D__SSE2_MATH__ -D__SSE__ -D__SSE_MATH__ -D__MMX__ -I. -I/opt/intel/compilers_and_libraries_2017.4.196/linux/daal/include -I/opt/intel/compilers_and_libraries_2017.4.196/linux/tbb/include -I/opt/intel/compilers_and_libraries_2017.4.196/linux/mkl/include -I/opt/intel/compilers_and_libraries_2017.4.196/linux/ipp/include -I/opt/intel/compilers_and_libraries_2017.4.196/linux/compiler/include/intel64 -I/opt/intel/compilers_and_libraries_2017.4.196/linux/compiler/include/icc -I/opt/intel/compilers_and_libraries_2017.4.196/linux/compiler/include -I/usr/local/include -I/opt/apps/gcc/5.4.0/lib/gcc/x86_64-unknown-linux-gnu/5.4.0/include -I/opt/apps/gcc/5.4.0/lib/gcc/x86_64-unknown-linux-gnu/5.4.0/include-fixed -I/opt/apps/gcc/5.4.0/include/ -I/usr/include -fixed -4Ycpp -4Ncvf -f_com=yes -MX /opt/apps/cmake/3.16.1/share/cmake-3.16/Modules/CMakeFortranCompilerABI.F /tmp/ifortt8U3DH.i
#include "..." search starts here:
#include <...> search starts here:
 .
 /opt/intel/compilers_and_libraries_2017.4.196/linux/daal/include
 /opt/intel/compilers_and_libraries_2017.4.196/linux/tbb/include
 /opt/intel/compilers_and_libraries_2017.4.196/linux/mkl/include
 /opt/intel/compilers_and_libraries_2017.4.196/linux/ipp/include
 /opt/intel/compilers_and_libraries_2017.4.196/linux/compiler/include/intel64
 /opt/intel/compilers_and_libraries_2017.4.196/linux/compiler/include/icc
 /opt/intel/compilers_and_libraries_2017.4.196/linux/compiler/include
 /usr/local/include
 /opt/apps/gcc/5.4.0/lib/gcc/x86_64-unknown-linux-gnu/5.4.0/include
 /opt/apps/gcc/5.4.0/lib/gcc/x86_64-unknown-linux-gnu/5.4.0/include-fixed
 /opt/apps/gcc/5.4.0/include/
 /usr/include
End of search list.
/opt/intel/compilers_and_libraries_2017.4.196/linux/bin/intel64/fortcom    -D__INTEL_COMPILER=1700 -D__INTEL_COMPILER_UPDATE=4 -D__unix__ -D__unix -D__linux__ -D__linux -D__gnu_linux__ -Dunix -Dlinux -D__ELF__ -D__x86_64 -D__x86_64__ -D__amd64 -D__amd64__ -D__INTEL_COMPILER_BUILD_DATE=20170411 -D__INTEL_OFFLOAD -D__i686 -D__i686__ -D__pentiumpro -D__pentiumpro__ -D__pentium4 -D__pentium4__ -D__tune_pentium4__ -D__SSE2__ -D__SSE2_MATH__ -D__SSE__ -D__SSE_MATH__ -D__MMX__ -mGLOB_pack_sort_init_list -I/opt/apps/cmake/3.16.1/share/cmake-3.16/Modules -I. -I/opt/intel/compilers_and_libraries_2017.4.196/linux/daal/include -I/opt/intel/compilers_and_libraries_2017.4.196/linux/tbb/include -I/opt/intel/compilers_and_libraries_2017.4.196/linux/mkl/include -I/opt/intel/compilers_and_libraries_2017.4.196/linux/ipp/include -I/opt/intel/compilers_and_libraries_2017.4.196/linux/compiler/include/intel64 -I/opt/intel/compilers_and_libraries_2017.4.196/linux/compiler/include/icc -I/opt/intel/compilers_and_libraries_2017.4.196/linux/compiler/include -I/usr/local/include -I/opt/apps/gcc/5.4.0/lib/gcc/x86_64-unknown-linux-gnu/5.4.0/include -I/opt/apps/gcc/5.4.0/lib/gcc/x86_64-unknown-linux-gnu/5.4.0/include-fixed -I/opt/apps/gcc/5.4.0/include/ -I/usr/include -O2 "-reentrancy threaded" -simd -offload_host -mGLOB_em64t=TRUE -mP1OPT_version=17.0-intel64 -mGLOB_diag_file=CMakeFiles/cmTC_d64d3.dir/CMakeFortranCompilerABI.F.diag -mGLOB_long_size_64 -mGLOB_routine_pointer_size_64 -mGLOB_source_language=GLOB_SOURCE_LANGUAGE_F90 -mP2OPT_static_promotion -mP1OPT_print_version=FALSE -mCG_use_gas_got_workaround=F -mP2OPT_align_option_used=TRUE -mGLOB_gcc_version=540 "-mGLOB_options_string=-v -c -o CMakeFiles/cmTC_d64d3.dir/CMakeFortranCompilerABI.F.o" -mGLOB_cxx_limited_range=FALSE -mCG_extend_parms=FALSE -mGLOB_compiler_bin_directory=/opt/intel/compilers_and_libraries_2017.4.196/linux/bin/intel64 -mGLOB_as_output_backup_file_name=/tmp/ifortQGo20Kas_.s -mIPOPT_activate -mIPOPT_lite -mGLOB_instruction_tuning=0x0 -mGLOB_uarch_tuning=0x0 -mGLOB_product_id_code=0x22006d8f -mCG_bnl_movbe=T -mGLOB_extended_instructions=0x8 -mP3OPT_use_mspp_call_convention -mP2OPT_subs_out_of_bound=FALSE -mP2OPT_disam_type_based_disam=2 -mGLOB_ansi_alias -mPGOPTI_value_profile_use=T -mP2OPT_il0_array_sections=TRUE -mGLOB_offload_mode=1 -mP2OPT_offload_unique_var_string=ifort1725686516XK1Rxi -mP2OPT_hlo_level=2 -mP2OPT_hlo -mP2OPT_hpo_rtt_control=0 -mIPOPT_args_in_regs=0 -mP2OPT_disam_assume_nonstd_intent_in=FALSE -mGLOB_imf_mapping_library=/opt/intel/compilers_and_libraries_2017.4.196/linux/bin/intel64/libiml_attr.so -mPGOPTI_gen_threadsafe_level=0 -mIPOPT_lto_object_enabled -mIPOPT_lto_object_value=1 -mIPOPT_obj_output_file_name=CMakeFiles/cmTC_d64d3.dir/CMakeFortranCompilerABI.F.o -mIPOPT_whole_archive_fixup_file_name=/tmp/ifortwarchu1dDEs -mGLOB_linker_version=2.26.20160125 -mGLOB_driver_tempfile_name=/tmp/iforttempfile7aKRuO -mP3OPT_asm_target=P3OPT_ASM_TARGET_GAS -mGLOB_async_unwind_tables=TRUE -mGLOB_obj_output_file=CMakeFiles/cmTC_d64d3.dir/CMakeFortranCompilerABI.F.o -mGLOB_source_dialect=GLOB_SOURCE_DIALECT_FORTRAN -mP1OPT_source_file_name=/opt/apps/cmake/3.16.1/share/cmake-3.16/Modules/CMakeFortranCompilerABI.F -mP1OPT_full_source_file_name=/opt/apps/cmake/3.16.1/share/cmake-3.16/Modules/CMakeFortranCompilerABI.F -mP2OPT_symtab_type_copy=true /tmp/ifortt8U3DH.i
#include "..." search starts here:
#include <...> search starts here:
 /opt/apps/cmake/3.16.1/share/cmake-3.16/Modules
 .
 /opt/intel/compilers_and_libraries_2017.4.196/linux/daal/include
 /opt/intel/compilers_and_libraries_2017.4.196/linux/tbb/include
 /opt/intel/compilers_and_libraries_2017.4.196/linux/mkl/include
 /opt/intel/compilers_and_libraries_2017.4.196/linux/ipp/include
 /opt/intel/compilers_and_libraries_2017.4.196/linux/compiler/include/intel64
 /opt/intel/compilers_and_libraries_2017.4.196/linux/compiler/include/icc
 /opt/intel/compilers_and_libraries_2017.4.196/linux/compiler/include
 /usr/local/include
 /opt/apps/gcc/5.4.0/lib/gcc/x86_64-unknown-linux-gnu/5.4.0/include
 /opt/apps/gcc/5.4.0/lib/gcc/x86_64-unknown-linux-gnu/5.4.0/include-fixed
 /opt/apps/gcc/5.4.0/include/
 /usr/include
End of search list.
Linking Fortran executable cmTC_d64d3
/opt/apps/cmake/3.16.1/bin/cmake -E cmake_link_script CMakeFiles/cmTC_d64d3.dir/link.txt --verbose=1
/opt/intel/compilers_and_libraries_2017.4.196/linux/bin/intel64/ifort   -v   CMakeFiles/cmTC_d64d3.dir/CMakeFortranCompilerABI.F.o  -o cmTC_d64d3 
ifort version 17.0.4
/opt/intel/compilers_and_libraries_2017.4.196/linux/bin/intel64/fortcom    -mGLOB_em64t=TRUE -mP1OPT_version=17.0-intel64 -mGLOB_diag_file=CMakeFiles/cmTC_d64d3.dir/CMakeFortranCompilerABI.F.diag -mGLOB_long_size_64 -mGLOB_routine_pointer_size_64 -mGLOB_source_language=GLOB_SOURCE_LANGUAGE_F90 -mP2OPT_static_promotion -mP1OPT_print_version=FALSE -mCG_use_gas_got_workaround=F -mP2OPT_align_option_used=TRUE -mGLOB_gcc_version=540 "-mGLOB_options_string=-v -o cmTC_d64d3" -mGLOB_cxx_limited_range=FALSE -mCG_extend_parms=FALSE -mGLOB_compiler_bin_directory=/opt/intel/compilers_and_libraries_2017.4.196/linux/bin/intel64 -mGLOB_as_output_backup_file_name=/tmp/ifortP83zvAas_.s -mGLOB_dashboard_use_source_name -mIPOPT_activate -mGLOB_product_id_code=0x22006d8f -mP3OPT_use_mspp_call_convention -mP2OPT_subs_out_of_bound=FALSE -mP2OPT_disam_type_based_disam=2 -mGLOB_ansi_alias -mPGOPTI_value_profile_use=T -mGLOB_opt_report_use_source_name -mP2OPT_il0_array_sections=TRUE -mGLOB_offload_mode=1 -mP2OPT_offload_unique_var_string=ifort0936970083x5yH9y -mP2OPT_hlo -mP2OPT_hpo_rtt_control=0 -mIPOPT_args_in_regs=0 -mP2OPT_disam_assume_nonstd_intent_in=FALSE -mGLOB_imf_mapping_library=/opt/intel/compilers_and_libraries_2017.4.196/linux/bin/intel64/libiml_attr.so -mPGOPTI_gen_threadsafe_level=0 -mIPOPT_link -mIPOPT_ipo_activate -mIPOPT_mo_activate -mIPOPT_source_files_list=/tmp/ifortsliseQt3Eu -mIPOPT_mo_global_data -mIPOPT_link_script_file=/tmp/ifortscript9rK8gR "-mIPOPT_cmdline_link="/lib/../lib64/crt1.o" "/lib/../lib64/crti.o" "/opt/apps/gcc/5.4.0/lib/gcc/x86_64-unknown-linux-gnu/5.4.0/crtbegin.o" "--eh-frame-hdr" "--build-id" "-dynamic-linker" "/lib64/ld-linux-x86-64.so.2" "-m" "elf_x86_64" "-o" "cmTC_d64d3" "/opt/intel/compilers_and_libraries_2017.4.196/linux/compiler/lib/intel64_lin/for_main.o" "-L/opt/intel/compilers_and_libraries_2017.4.196/linux/daal/../tbb/lib/intel64_lin/gcc4.4" "-L/opt/intel/compilers_and_libraries_2017.4.196/linux/daal/lib/intel64_lin" "-L/opt/intel/compilers_and_libraries_2017.4.196/linux/tbb/lib/intel64/gcc4.7" "-L/opt/intel/compilers_and_libraries_2017.4.196/linux/mkl/lib/intel64_lin" "-L/opt/intel/compilers_and_libraries_2017.4.196/linux/compiler/lib/intel64_lin" "-L/opt/intel/compilers_and_libraries_2017.4.196/linux/ipp/lib/intel64" "-L/opt/intel/compilers_and_libraries_2017.4.196/linux/compiler/lib/intel64_lin" "-L/opt/apps/gcc/5.4.0/lib/gcc/x86_64-unknown-linux-gnu/5.4.0/" "-L/opt/apps/gcc/5.4.0/lib/gcc/x86_64-unknown-linux-gnu/5.4.0/../../../../lib64" "-L/opt/apps/gcc/5.4.0/lib/gcc/x86_64-unknown-linux-gnu/5.4.0/../../../../lib64/" "-L/lib/../lib64" "-L/lib/../lib64/" "-L/usr/lib/../lib64" "-L/usr/lib/../lib64/" "-L/opt/intel/compilers_and_libraries_2017.4.196/linux/daal/../tbb/lib/intel64_lin/gcc4.4/" "-L/opt/intel/compilers_and_libraries_2017.4.196/linux/daal/lib/intel64_lin/" "-L/opt/intel/compilers_and_libraries_2017.4.196/linux/tbb/lib/intel64/gcc4.7/" "-L/opt/intel/compilers_and_libraries_2017.4.196/linux/mkl/lib/intel64_lin/" "-L/opt/intel/compilers_and_libraries_2017.4.196/linux/compiler/lib/intel64_lin/" "-L/opt/intel/compilers_and_libraries_2017.4.196/linux/ipp/lib/intel64/" "-L/opt/apps/gcc/5.4.0/lib/gcc/x86_64-unknown-linux-gnu/5.4.0/../../../" "-L/lib64" "-L/lib/" "-L/usr/lib64" "-L/usr/lib" "CMakeFiles/cmTC_d64d3.dir/CMakeFortranCompilerABI.F.o" "-Bdynamic" "-Bstatic" "-lifport" "-lifcoremt" "-limf" "-lsvml" "-Bdynamic" "-lm" "-Bstatic" "-lipgo" "-lirc" "-Bdynamic" "-lpthread" "-Bstatic" "-lsvml" "-Bdynamic" "-lc" "-lgcc" "-lgcc_s" "-Bstatic" "-lirc_s" "-Bdynamic" "-ldl" "-lc" "/opt/apps/gcc/5.4.0/lib/gcc/x86_64-unknown-linux-gnu/5.4.0/crtend.o" "/lib/../lib64/crtn.o"" -mIPOPT_il_in_obj -mIPOPT_ipo_activate_warn=FALSE -mIPOPT_obj_output_file_name=/tmp/ipo_ifortoX5EYi.o -mIPOPT_whole_archive_fixup_file_name=/tmp/ifortwarchGYwSsG -mGLOB_linker_version=2.26.20160125 -mGLOB_driver_tempfile_name=/tmp/iforttempfilepipC82 -mP3OPT_asm_target=P3OPT_ASM_TARGET_GAS -mGLOB_async_unwind_tables=TRUE -mGLOB_obj_output_file=/tmp/ipo_ifortoX5EYi.o -mGLOB_source_dialect=GLOB_SOURCE_DIALECT_NONE -mP1OPT_source_file_name=ipo_out.f -mP2OPT_symtab_type_copy=true CMakeFiles/cmTC_d64d3.dir/CMakeFortranCompilerABI.F.o -mIPOPT_object_files=T -mIPOPT_assembly_files=/tmp/ifortalis4OQLc2 -mIPOPT_generated_tempfiles=/tmp/ifortelisPvuPOo -mIPOPT_embedded_object_base_name=/tmp/iforteobj6mhTqL -mIPOPT_cmdline_link_new_name=/tmp/ifortllisvSiY27
ld    /lib/../lib64/crt1.o /lib/../lib64/crti.o /opt/apps/gcc/5.4.0/lib/gcc/x86_64-unknown-linux-gnu/5.4.0/crtbegin.o --eh-frame-hdr --build-id -dynamic-linker /lib64/ld-linux-x86-64.so.2 -m elf_x86_64 -o cmTC_d64d3 /opt/intel/compilers_and_libraries_2017.4.196/linux/compiler/lib/intel64_lin/for_main.o -L/opt/intel/compilers_and_libraries_2017.4.196/linux/daal/../tbb/lib/intel64_lin/gcc4.4 -L/opt/intel/compilers_and_libraries_2017.4.196/linux/daal/lib/intel64_lin -L/opt/intel/compilers_and_libraries_2017.4.196/linux/tbb/lib/intel64/gcc4.7 -L/opt/intel/compilers_and_libraries_2017.4.196/linux/mkl/lib/intel64_lin -L/opt/intel/compilers_and_libraries_2017.4.196/linux/compiler/lib/intel64_lin -L/opt/intel/compilers_and_libraries_2017.4.196/linux/ipp/lib/intel64 -L/opt/intel/compilers_and_libraries_2017.4.196/linux/compiler/lib/intel64_lin -L/opt/apps/gcc/5.4.0/lib/gcc/x86_64-unknown-linux-gnu/5.4.0/ -L/opt/apps/gcc/5.4.0/lib/gcc/x86_64-unknown-linux-gnu/5.4.0/../../../../lib64 -L/opt/apps/gcc/5.4.0/lib/gcc/x86_64-unknown-linux-gnu/5.4.0/../../../../lib64/ -L/lib/../lib64 -L/lib/../lib64/ -L/usr/lib/../lib64 -L/usr/lib/../lib64/ -L/opt/intel/compilers_and_libraries_2017.4.196/linux/daal/../tbb/lib/intel64_lin/gcc4.4/ -L/opt/intel/compilers_and_libraries_2017.4.196/linux/daal/lib/intel64_lin/ -L/opt/intel/compilers_and_libraries_2017.4.196/linux/tbb/lib/intel64/gcc4.7/ -L/opt/intel/compilers_and_libraries_2017.4.196/linux/mkl/lib/intel64_lin/ -L/opt/intel/compilers_and_libraries_2017.4.196/linux/compiler/lib/intel64_lin/ -L/opt/intel/compilers_and_libraries_2017.4.196/linux/ipp/lib/intel64/ -L/opt/apps/gcc/5.4.0/lib/gcc/x86_64-unknown-linux-gnu/5.4.0/../../../ -L/lib64 -L/lib/ -L/usr/lib64 -L/usr/lib CMakeFiles/cmTC_d64d3.dir/CMakeFortranCompilerABI.F.o -Bdynamic -Bstatic -lifport -lifcoremt -limf -lsvml -Bdynamic -lm -Bstatic -lipgo -lirc -Bdynamic -lpthread -Bstatic -lsvml -Bdynamic -lc -lgcc -lgcc_s -Bstatic -lirc_s -Bdynamic -ldl -lc /opt/apps/gcc/5.4.0/lib/gcc/x86_64-unknown-linux-gnu/5.4.0/crtend.o /lib/../lib64/crtn.o
gmake[1]: Leaving directory `/work2/04637/mdl2665/stampede2/From_Kyle/ATMESH/build/CMakeFiles/CMakeTmp'



Parsed Fortran implicit include dir info from above output: rv=done
  found start of include info
  found start of implicit include info
    add: [.]
    add: [/opt/intel/compilers_and_libraries_2017.4.196/linux/daal/include]
    add: [/opt/intel/compilers_and_libraries_2017.4.196/linux/tbb/include]
    add: [/opt/intel/compilers_and_libraries_2017.4.196/linux/mkl/include]
    add: [/opt/intel/compilers_and_libraries_2017.4.196/linux/ipp/include]
    add: [/opt/intel/compilers_and_libraries_2017.4.196/linux/compiler/include/intel64]
    add: [/opt/intel/compilers_and_libraries_2017.4.196/linux/compiler/include/icc]
    add: [/opt/intel/compilers_and_libraries_2017.4.196/linux/compiler/include]
    add: [/usr/local/include]
    add: [/opt/apps/gcc/5.4.0/lib/gcc/x86_64-unknown-linux-gnu/5.4.0/include]
    add: [/opt/apps/gcc/5.4.0/lib/gcc/x86_64-unknown-linux-gnu/5.4.0/include-fixed]
    add: [/opt/apps/gcc/5.4.0/include/]
    add: [/usr/include]
  end of search list found
  skipping relative include dir [.]
  collapse include dir [/opt/intel/compilers_and_libraries_2017.4.196/linux/daal/include] ==> [/opt/intel/compilers_and_libraries_2017.4.196/linux/daal/include]
  collapse include dir [/opt/intel/compilers_and_libraries_2017.4.196/linux/tbb/include] ==> [/opt/intel/compilers_and_libraries_2017.4.196/linux/tbb/include]
  collapse include dir [/opt/intel/compilers_and_libraries_2017.4.196/linux/mkl/include] ==> [/opt/intel/compilers_and_libraries_2017.4.196/linux/mkl/include]
  collapse include dir [/opt/intel/compilers_and_libraries_2017.4.196/linux/ipp/include] ==> [/opt/intel/compilers_and_libraries_2017.4.196/linux/ipp/include]
  collapse include dir [/opt/intel/compilers_and_libraries_2017.4.196/linux/compiler/include/intel64] ==> [/opt/intel/compilers_and_libraries_2017.4.196/linux/compiler/include/intel64]
  collapse include dir [/opt/intel/compilers_and_libraries_2017.4.196/linux/compiler/include/icc] ==> [/opt/intel/compilers_and_libraries_2017.4.196/linux/compiler/include/icc]
  collapse include dir [/opt/intel/compilers_and_libraries_2017.4.196/linux/compiler/include] ==> [/opt/intel/compilers_and_libraries_2017.4.196/linux/compiler/include]
  collapse include dir [/usr/local/include] ==> [/usr/local/include]
  collapse include dir [/opt/apps/gcc/5.4.0/lib/gcc/x86_64-unknown-linux-gnu/5.4.0/include] ==> [/opt/apps/gcc/5.4.0/lib/gcc/x86_64-unknown-linux-gnu/5.4.0/include]
  collapse include dir [/opt/apps/gcc/5.4.0/lib/gcc/x86_64-unknown-linux-gnu/5.4.0/include-fixed] ==> [/opt/apps/gcc/5.4.0/lib/gcc/x86_64-unknown-linux-gnu/5.4.0/include-fixed]
  collapse include dir [/opt/apps/gcc/5.4.0/include/] ==> [/opt/apps/gcc/5.4.0/include]
  collapse include dir [/usr/include] ==> [/usr/include]
  implicit include dirs: [/opt/intel/compilers_and_libraries_2017.4.196/linux/daal/include;/opt/intel/compilers_and_libraries_2017.4.196/linux/tbb/include;/opt/intel/compilers_and_libraries_2017.4.196/linux/mkl/include;/opt/intel/compilers_and_libraries_2017.4.196/linux/ipp/include;/opt/intel/compilers_and_libraries_2017.4.196/linux/compiler/include/intel64;/opt/intel/compilers_and_libraries_2017.4.196/linux/compiler/include/icc;/opt/intel/compilers_and_libraries_2017.4.196/linux/compiler/include;/usr/local/include;/opt/apps/gcc/5.4.0/lib/gcc/x86_64-unknown-linux-gnu/5.4.0/include;/opt/apps/gcc/5.4.0/lib/gcc/x86_64-unknown-linux-gnu/5.4.0/include-fixed;/opt/apps/gcc/5.4.0/include;/usr/include]


Parsed Fortran implicit link information from above output:
  link line regex: [^( *|.*[/\])(ld|CMAKE_LINK_STARTFILE-NOTFOUND|([^/\]+-)?ld|collect2)[^/\]*( |$)]
  ignore line: [Change Dir: /work2/04637/mdl2665/stampede2/From_Kyle/ATMESH/build/CMakeFiles/CMakeTmp]
  ignore line: []
  ignore line: [Run Build Command(s):/bin/gmake cmTC_d64d3/fast && /bin/gmake -f CMakeFiles/cmTC_d64d3.dir/build.make CMakeFiles/cmTC_d64d3.dir/build]
  ignore line: [gmake[1]: Entering directory `/work2/04637/mdl2665/stampede2/From_Kyle/ATMESH/build/CMakeFiles/CMakeTmp']
  ignore line: [Building Fortran object CMakeFiles/cmTC_d64d3.dir/CMakeFortranCompilerABI.F.o]
  ignore line: [/opt/intel/compilers_and_libraries_2017.4.196/linux/bin/intel64/ifort   -v -c /opt/apps/cmake/3.16.1/share/cmake-3.16/Modules/CMakeFortranCompilerABI.F -o CMakeFiles/cmTC_d64d3.dir/CMakeFortranCompilerABI.F.o]
  ignore line: [ifort version 17.0.4]
  ignore line: [/opt/intel/compilers_and_libraries_2017.4.196/linux/bin/intel64/fpp    -D__INTEL_COMPILER=1700 -D__INTEL_COMPILER_UPDATE=4 -D__unix__ -D__unix -D__linux__ -D__linux -D__gnu_linux__ -Dunix -Dlinux -D__ELF__ -D__x86_64 -D__x86_64__ -D__amd64 -D__amd64__ -D__INTEL_COMPILER_BUILD_DATE=20170411 -D__INTEL_OFFLOAD -D__i686 -D__i686__ -D__pentiumpro -D__pentiumpro__ -D__pentium4 -D__pentium4__ -D__tune_pentium4__ -D__SSE2__ -D__SSE2_MATH__ -D__SSE__ -D__SSE_MATH__ -D__MMX__ -I. -I/opt/intel/compilers_and_libraries_2017.4.196/linux/daal/include -I/opt/intel/compilers_and_libraries_2017.4.196/linux/tbb/include -I/opt/intel/compilers_and_libraries_2017.4.196/linux/mkl/include -I/opt/intel/compilers_and_libraries_2017.4.196/linux/ipp/include -I/opt/intel/compilers_and_libraries_2017.4.196/linux/compiler/include/intel64 -I/opt/intel/compilers_and_libraries_2017.4.196/linux/compiler/include/icc -I/opt/intel/compilers_and_libraries_2017.4.196/linux/compiler/include -I/usr/local/include -I/opt/apps/gcc/5.4.0/lib/gcc/x86_64-unknown-linux-gnu/5.4.0/include -I/opt/apps/gcc/5.4.0/lib/gcc/x86_64-unknown-linux-gnu/5.4.0/include-fixed -I/opt/apps/gcc/5.4.0/include/ -I/usr/include -fixed -4Ycpp -4Ncvf -f_com=yes -MX /opt/apps/cmake/3.16.1/share/cmake-3.16/Modules/CMakeFortranCompilerABI.F /tmp/ifortt8U3DH.i]
  ignore line: [#include "..." search starts here:]
  ignore line: [#include <...> search starts here:]
  ignore line: [ .]
  ignore line: [ /opt/intel/compilers_and_libraries_2017.4.196/linux/daal/include]
  ignore line: [ /opt/intel/compilers_and_libraries_2017.4.196/linux/tbb/include]
  ignore line: [ /opt/intel/compilers_and_libraries_2017.4.196/linux/mkl/include]
  ignore line: [ /opt/intel/compilers_and_libraries_2017.4.196/linux/ipp/include]
  ignore line: [ /opt/intel/compilers_and_libraries_2017.4.196/linux/compiler/include/intel64]
  ignore line: [ /opt/intel/compilers_and_libraries_2017.4.196/linux/compiler/include/icc]
  ignore line: [ /opt/intel/compilers_and_libraries_2017.4.196/linux/compiler/include]
  ignore line: [ /usr/local/include]
  ignore line: [ /opt/apps/gcc/5.4.0/lib/gcc/x86_64-unknown-linux-gnu/5.4.0/include]
  ignore line: [ /opt/apps/gcc/5.4.0/lib/gcc/x86_64-unknown-linux-gnu/5.4.0/include-fixed]
  ignore line: [ /opt/apps/gcc/5.4.0/include/]
  ignore line: [ /usr/include]
  ignore line: [End of search list.]
  ignore line: [/opt/intel/compilers_and_libraries_2017.4.196/linux/bin/intel64/fortcom    -D__INTEL_COMPILER=1700 -D__INTEL_COMPILER_UPDATE=4 -D__unix__ -D__unix -D__linux__ -D__linux -D__gnu_linux__ -Dunix -Dlinux -D__ELF__ -D__x86_64 -D__x86_64__ -D__amd64 -D__amd64__ -D__INTEL_COMPILER_BUILD_DATE=20170411 -D__INTEL_OFFLOAD -D__i686 -D__i686__ -D__pentiumpro -D__pentiumpro__ -D__pentium4 -D__pentium4__ -D__tune_pentium4__ -D__SSE2__ -D__SSE2_MATH__ -D__SSE__ -D__SSE_MATH__ -D__MMX__ -mGLOB_pack_sort_init_list -I/opt/apps/cmake/3.16.1/share/cmake-3.16/Modules -I. -I/opt/intel/compilers_and_libraries_2017.4.196/linux/daal/include -I/opt/intel/compilers_and_libraries_2017.4.196/linux/tbb/include -I/opt/intel/compilers_and_libraries_2017.4.196/linux/mkl/include -I/opt/intel/compilers_and_libraries_2017.4.196/linux/ipp/include -I/opt/intel/compilers_and_libraries_2017.4.196/linux/compiler/include/intel64 -I/opt/intel/compilers_and_libraries_2017.4.196/linux/compiler/include/icc -I/opt/intel/compilers_and_libraries_2017.4.196/linux/compiler/include -I/usr/local/include -I/opt/apps/gcc/5.4.0/lib/gcc/x86_64-unknown-linux-gnu/5.4.0/include -I/opt/apps/gcc/5.4.0/lib/gcc/x86_64-unknown-linux-gnu/5.4.0/include-fixed -I/opt/apps/gcc/5.4.0/include/ -I/usr/include -O2 "-reentrancy threaded" -simd -offload_host -mGLOB_em64t=TRUE -mP1OPT_version=17.0-intel64 -mGLOB_diag_file=CMakeFiles/cmTC_d64d3.dir/CMakeFortranCompilerABI.F.diag -mGLOB_long_size_64 -mGLOB_routine_pointer_size_64 -mGLOB_source_language=GLOB_SOURCE_LANGUAGE_F90 -mP2OPT_static_promotion -mP1OPT_print_version=FALSE -mCG_use_gas_got_workaround=F -mP2OPT_align_option_used=TRUE -mGLOB_gcc_version=540 "-mGLOB_options_string=-v -c -o CMakeFiles/cmTC_d64d3.dir/CMakeFortranCompilerABI.F.o" -mGLOB_cxx_limited_range=FALSE -mCG_extend_parms=FALSE -mGLOB_compiler_bin_directory=/opt/intel/compilers_and_libraries_2017.4.196/linux/bin/intel64 -mGLOB_as_output_backup_file_name=/tmp/ifortQGo20Kas_.s -mIPOPT_activate -mIPOPT_lite -mGLOB_instruction_tuning=0x0 -mGLOB_uarch_tuning=0x0 -mGLOB_product_id_code=0x22006d8f -mCG_bnl_movbe=T -mGLOB_extended_instructions=0x8 -mP3OPT_use_mspp_call_convention -mP2OPT_subs_out_of_bound=FALSE -mP2OPT_disam_type_based_disam=2 -mGLOB_ansi_alias -mPGOPTI_value_profile_use=T -mP2OPT_il0_array_sections=TRUE -mGLOB_offload_mode=1 -mP2OPT_offload_unique_var_string=ifort1725686516XK1Rxi -mP2OPT_hlo_level=2 -mP2OPT_hlo -mP2OPT_hpo_rtt_control=0 -mIPOPT_args_in_regs=0 -mP2OPT_disam_assume_nonstd_intent_in=FALSE -mGLOB_imf_mapping_library=/opt/intel/compilers_and_libraries_2017.4.196/linux/bin/intel64/libiml_attr.so -mPGOPTI_gen_threadsafe_level=0 -mIPOPT_lto_object_enabled -mIPOPT_lto_object_value=1 -mIPOPT_obj_output_file_name=CMakeFiles/cmTC_d64d3.dir/CMakeFortranCompilerABI.F.o -mIPOPT_whole_archive_fixup_file_name=/tmp/ifortwarchu1dDEs -mGLOB_linker_version=2.26.20160125 -mGLOB_driver_tempfile_name=/tmp/iforttempfile7aKRuO -mP3OPT_asm_target=P3OPT_ASM_TARGET_GAS -mGLOB_async_unwind_tables=TRUE -mGLOB_obj_output_file=CMakeFiles/cmTC_d64d3.dir/CMakeFortranCompilerABI.F.o -mGLOB_source_dialect=GLOB_SOURCE_DIALECT_FORTRAN -mP1OPT_source_file_name=/opt/apps/cmake/3.16.1/share/cmake-3.16/Modules/CMakeFortranCompilerABI.F -mP1OPT_full_source_file_name=/opt/apps/cmake/3.16.1/share/cmake-3.16/Modules/CMakeFortranCompilerABI.F -mP2OPT_symtab_type_copy=true /tmp/ifortt8U3DH.i]
  ignore line: [#include "..." search starts here:]
  ignore line: [#include <...> search starts here:]
  ignore line: [ /opt/apps/cmake/3.16.1/share/cmake-3.16/Modules]
  ignore line: [ .]
  ignore line: [ /opt/intel/compilers_and_libraries_2017.4.196/linux/daal/include]
  ignore line: [ /opt/intel/compilers_and_libraries_2017.4.196/linux/tbb/include]
  ignore line: [ /opt/intel/compilers_and_libraries_2017.4.196/linux/mkl/include]
  ignore line: [ /opt/intel/compilers_and_libraries_2017.4.196/linux/ipp/include]
  ignore line: [ /opt/intel/compilers_and_libraries_2017.4.196/linux/compiler/include/intel64]
  ignore line: [ /opt/intel/compilers_and_libraries_2017.4.196/linux/compiler/include/icc]
  ignore line: [ /opt/intel/compilers_and_libraries_2017.4.196/linux/compiler/include]
  ignore line: [ /usr/local/include]
  ignore line: [ /opt/apps/gcc/5.4.0/lib/gcc/x86_64-unknown-linux-gnu/5.4.0/include]
  ignore line: [ /opt/apps/gcc/5.4.0/lib/gcc/x86_64-unknown-linux-gnu/5.4.0/include-fixed]
  ignore line: [ /opt/apps/gcc/5.4.0/include/]
  ignore line: [ /usr/include]
  ignore line: [End of search list.]
  ignore line: [Linking Fortran executable cmTC_d64d3]
  ignore line: [/opt/apps/cmake/3.16.1/bin/cmake -E cmake_link_script CMakeFiles/cmTC_d64d3.dir/link.txt --verbose=1]
  ignore line: [/opt/intel/compilers_and_libraries_2017.4.196/linux/bin/intel64/ifort   -v   CMakeFiles/cmTC_d64d3.dir/CMakeFortranCompilerABI.F.o  -o cmTC_d64d3 ]
  ignore line: [ifort version 17.0.4]
  ignore line: [/opt/intel/compilers_and_libraries_2017.4.196/linux/bin/intel64/fortcom    -mGLOB_em64t=TRUE -mP1OPT_version=17.0-intel64 -mGLOB_diag_file=CMakeFiles/cmTC_d64d3.dir/CMakeFortranCompilerABI.F.diag -mGLOB_long_size_64 -mGLOB_routine_pointer_size_64 -mGLOB_source_language=GLOB_SOURCE_LANGUAGE_F90 -mP2OPT_static_promotion -mP1OPT_print_version=FALSE -mCG_use_gas_got_workaround=F -mP2OPT_align_option_used=TRUE -mGLOB_gcc_version=540 "-mGLOB_options_string=-v -o cmTC_d64d3" -mGLOB_cxx_limited_range=FALSE -mCG_extend_parms=FALSE -mGLOB_compiler_bin_directory=/opt/intel/compilers_and_libraries_2017.4.196/linux/bin/intel64 -mGLOB_as_output_backup_file_name=/tmp/ifortP83zvAas_.s -mGLOB_dashboard_use_source_name -mIPOPT_activate -mGLOB_product_id_code=0x22006d8f -mP3OPT_use_mspp_call_convention -mP2OPT_subs_out_of_bound=FALSE -mP2OPT_disam_type_based_disam=2 -mGLOB_ansi_alias -mPGOPTI_value_profile_use=T -mGLOB_opt_report_use_source_name -mP2OPT_il0_array_sections=TRUE -mGLOB_offload_mode=1 -mP2OPT_offload_unique_var_string=ifort0936970083x5yH9y -mP2OPT_hlo -mP2OPT_hpo_rtt_control=0 -mIPOPT_args_in_regs=0 -mP2OPT_disam_assume_nonstd_intent_in=FALSE -mGLOB_imf_mapping_library=/opt/intel/compilers_and_libraries_2017.4.196/linux/bin/intel64/libiml_attr.so -mPGOPTI_gen_threadsafe_level=0 -mIPOPT_link -mIPOPT_ipo_activate -mIPOPT_mo_activate -mIPOPT_source_files_list=/tmp/ifortsliseQt3Eu -mIPOPT_mo_global_data -mIPOPT_link_script_file=/tmp/ifortscript9rK8gR "-mIPOPT_cmdline_link="/lib/../lib64/crt1.o" "/lib/../lib64/crti.o" "/opt/apps/gcc/5.4.0/lib/gcc/x86_64-unknown-linux-gnu/5.4.0/crtbegin.o" "--eh-frame-hdr" "--build-id" "-dynamic-linker" "/lib64/ld-linux-x86-64.so.2" "-m" "elf_x86_64" "-o" "cmTC_d64d3" "/opt/intel/compilers_and_libraries_2017.4.196/linux/compiler/lib/intel64_lin/for_main.o" "-L/opt/intel/compilers_and_libraries_2017.4.196/linux/daal/../tbb/lib/intel64_lin/gcc4.4" "-L/opt/intel/compilers_and_libraries_2017.4.196/linux/daal/lib/intel64_lin" "-L/opt/intel/compilers_and_libraries_2017.4.196/linux/tbb/lib/intel64/gcc4.7" "-L/opt/intel/compilers_and_libraries_2017.4.196/linux/mkl/lib/intel64_lin" "-L/opt/intel/compilers_and_libraries_2017.4.196/linux/compiler/lib/intel64_lin" "-L/opt/intel/compilers_and_libraries_2017.4.196/linux/ipp/lib/intel64" "-L/opt/intel/compilers_and_libraries_2017.4.196/linux/compiler/lib/intel64_lin" "-L/opt/apps/gcc/5.4.0/lib/gcc/x86_64-unknown-linux-gnu/5.4.0/" "-L/opt/apps/gcc/5.4.0/lib/gcc/x86_64-unknown-linux-gnu/5.4.0/../../../../lib64" "-L/opt/apps/gcc/5.4.0/lib/gcc/x86_64-unknown-linux-gnu/5.4.0/../../../../lib64/" "-L/lib/../lib64" "-L/lib/../lib64/" "-L/usr/lib/../lib64" "-L/usr/lib/../lib64/" "-L/opt/intel/compilers_and_libraries_2017.4.196/linux/daal/../tbb/lib/intel64_lin/gcc4.4/" "-L/opt/intel/compilers_and_libraries_2017.4.196/linux/daal/lib/intel64_lin/" "-L/opt/intel/compilers_and_libraries_2017.4.196/linux/tbb/lib/intel64/gcc4.7/" "-L/opt/intel/compilers_and_libraries_2017.4.196/linux/mkl/lib/intel64_lin/" "-L/opt/intel/compilers_and_libraries_2017.4.196/linux/compiler/lib/intel64_lin/" "-L/opt/intel/compilers_and_libraries_2017.4.196/linux/ipp/lib/intel64/" "-L/opt/apps/gcc/5.4.0/lib/gcc/x86_64-unknown-linux-gnu/5.4.0/../../../" "-L/lib64" "-L/lib/" "-L/usr/lib64" "-L/usr/lib" "CMakeFiles/cmTC_d64d3.dir/CMakeFortranCompilerABI.F.o" "-Bdynamic" "-Bstatic" "-lifport" "-lifcoremt" "-limf" "-lsvml" "-Bdynamic" "-lm" "-Bstatic" "-lipgo" "-lirc" "-Bdynamic" "-lpthread" "-Bstatic" "-lsvml" "-Bdynamic" "-lc" "-lgcc" "-lgcc_s" "-Bstatic" "-lirc_s" "-Bdynamic" "-ldl" "-lc" "/opt/apps/gcc/5.4.0/lib/gcc/x86_64-unknown-linux-gnu/5.4.0/crtend.o" "/lib/../lib64/crtn.o"" -mIPOPT_il_in_obj -mIPOPT_ipo_activate_warn=FALSE -mIPOPT_obj_output_file_name=/tmp/ipo_ifortoX5EYi.o -mIPOPT_whole_archive_fixup_file_name=/tmp/ifortwarchGYwSsG -mGLOB_linker_version=2.26.20160125 -mGLOB_driver_tempfile_name=/tmp/iforttempfilepipC82 -mP3OPT_asm_target=P3OPT_ASM_TARGET_GAS -mGLOB_async_unwind_tables=TRUE -mGLOB_obj_output_file=/tmp/ipo_ifortoX5EYi.o -mGLOB_source_dialect=GLOB_SOURCE_DIALECT_NONE -mP1OPT_source_file_name=ipo_out.f -mP2OPT_symtab_type_copy=true CMakeFiles/cmTC_d64d3.dir/CMakeFortranCompilerABI.F.o -mIPOPT_object_files=T -mIPOPT_assembly_files=/tmp/ifortalis4OQLc2 -mIPOPT_generated_tempfiles=/tmp/ifortelisPvuPOo -mIPOPT_embedded_object_base_name=/tmp/iforteobj6mhTqL -mIPOPT_cmdline_link_new_name=/tmp/ifortllisvSiY27]
  link line: [ld    /lib/../lib64/crt1.o /lib/../lib64/crti.o /opt/apps/gcc/5.4.0/lib/gcc/x86_64-unknown-linux-gnu/5.4.0/crtbegin.o --eh-frame-hdr --build-id -dynamic-linker /lib64/ld-linux-x86-64.so.2 -m elf_x86_64 -o cmTC_d64d3 /opt/intel/compilers_and_libraries_2017.4.196/linux/compiler/lib/intel64_lin/for_main.o -L/opt/intel/compilers_and_libraries_2017.4.196/linux/daal/../tbb/lib/intel64_lin/gcc4.4 -L/opt/intel/compilers_and_libraries_2017.4.196/linux/daal/lib/intel64_lin -L/opt/intel/compilers_and_libraries_2017.4.196/linux/tbb/lib/intel64/gcc4.7 -L/opt/intel/compilers_and_libraries_2017.4.196/linux/mkl/lib/intel64_lin -L/opt/intel/compilers_and_libraries_2017.4.196/linux/compiler/lib/intel64_lin -L/opt/intel/compilers_and_libraries_2017.4.196/linux/ipp/lib/intel64 -L/opt/intel/compilers_and_libraries_2017.4.196/linux/compiler/lib/intel64_lin -L/opt/apps/gcc/5.4.0/lib/gcc/x86_64-unknown-linux-gnu/5.4.0/ -L/opt/apps/gcc/5.4.0/lib/gcc/x86_64-unknown-linux-gnu/5.4.0/../../../../lib64 -L/opt/apps/gcc/5.4.0/lib/gcc/x86_64-unknown-linux-gnu/5.4.0/../../../../lib64/ -L/lib/../lib64 -L/lib/../lib64/ -L/usr/lib/../lib64 -L/usr/lib/../lib64/ -L/opt/intel/compilers_and_libraries_2017.4.196/linux/daal/../tbb/lib/intel64_lin/gcc4.4/ -L/opt/intel/compilers_and_libraries_2017.4.196/linux/daal/lib/intel64_lin/ -L/opt/intel/compilers_and_libraries_2017.4.196/linux/tbb/lib/intel64/gcc4.7/ -L/opt/intel/compilers_and_libraries_2017.4.196/linux/mkl/lib/intel64_lin/ -L/opt/intel/compilers_and_libraries_2017.4.196/linux/compiler/lib/intel64_lin/ -L/opt/intel/compilers_and_libraries_2017.4.196/linux/ipp/lib/intel64/ -L/opt/apps/gcc/5.4.0/lib/gcc/x86_64-unknown-linux-gnu/5.4.0/../../../ -L/lib64 -L/lib/ -L/usr/lib64 -L/usr/lib CMakeFiles/cmTC_d64d3.dir/CMakeFortranCompilerABI.F.o -Bdynamic -Bstatic -lifport -lifcoremt -limf -lsvml -Bdynamic -lm -Bstatic -lipgo -lirc -Bdynamic -lpthread -Bstatic -lsvml -Bdynamic -lc -lgcc -lgcc_s -Bstatic -lirc_s -Bdynamic -ldl -lc /opt/apps/gcc/5.4.0/lib/gcc/x86_64-unknown-linux-gnu/5.4.0/crtend.o /lib/../lib64/crtn.o]
    arg [ld] ==> ignore
    arg [/lib/../lib64/crt1.o] ==> ignore
    arg [/lib/../lib64/crti.o] ==> ignore
    arg [/opt/apps/gcc/5.4.0/lib/gcc/x86_64-unknown-linux-gnu/5.4.0/crtbegin.o] ==> ignore
    arg [--eh-frame-hdr] ==> ignore
    arg [--build-id] ==> ignore
    arg [-dynamic-linker] ==> ignore
    arg [/lib64/ld-linux-x86-64.so.2] ==> ignore
    arg [-m] ==> ignore
    arg [elf_x86_64] ==> ignore
    arg [-o] ==> ignore
    arg [cmTC_d64d3] ==> ignore
    arg [/opt/intel/compilers_and_libraries_2017.4.196/linux/compiler/lib/intel64_lin/for_main.o] ==> ignore
    arg [-L/opt/intel/compilers_and_libraries_2017.4.196/linux/daal/../tbb/lib/intel64_lin/gcc4.4] ==> dir [/opt/intel/compilers_and_libraries_2017.4.196/linux/daal/../tbb/lib/intel64_lin/gcc4.4]
    arg [-L/opt/intel/compilers_and_libraries_2017.4.196/linux/daal/lib/intel64_lin] ==> dir [/opt/intel/compilers_and_libraries_2017.4.196/linux/daal/lib/intel64_lin]
    arg [-L/opt/intel/compilers_and_libraries_2017.4.196/linux/tbb/lib/intel64/gcc4.7] ==> dir [/opt/intel/compilers_and_libraries_2017.4.196/linux/tbb/lib/intel64/gcc4.7]
    arg [-L/opt/intel/compilers_and_libraries_2017.4.196/linux/mkl/lib/intel64_lin] ==> dir [/opt/intel/compilers_and_libraries_2017.4.196/linux/mkl/lib/intel64_lin]
    arg [-L/opt/intel/compilers_and_libraries_2017.4.196/linux/compiler/lib/intel64_lin] ==> dir [/opt/intel/compilers_and_libraries_2017.4.196/linux/compiler/lib/intel64_lin]
    arg [-L/opt/intel/compilers_and_libraries_2017.4.196/linux/ipp/lib/intel64] ==> dir [/opt/intel/compilers_and_libraries_2017.4.196/linux/ipp/lib/intel64]
    arg [-L/opt/intel/compilers_and_libraries_2017.4.196/linux/compiler/lib/intel64_lin] ==> dir [/opt/intel/compilers_and_libraries_2017.4.196/linux/compiler/lib/intel64_lin]
    arg [-L/opt/apps/gcc/5.4.0/lib/gcc/x86_64-unknown-linux-gnu/5.4.0/] ==> dir [/opt/apps/gcc/5.4.0/lib/gcc/x86_64-unknown-linux-gnu/5.4.0/]
    arg [-L/opt/apps/gcc/5.4.0/lib/gcc/x86_64-unknown-linux-gnu/5.4.0/../../../../lib64] ==> dir [/opt/apps/gcc/5.4.0/lib/gcc/x86_64-unknown-linux-gnu/5.4.0/../../../../lib64]
    arg [-L/opt/apps/gcc/5.4.0/lib/gcc/x86_64-unknown-linux-gnu/5.4.0/../../../../lib64/] ==> dir [/opt/apps/gcc/5.4.0/lib/gcc/x86_64-unknown-linux-gnu/5.4.0/../../../../lib64/]
    arg [-L/lib/../lib64] ==> dir [/lib/../lib64]
    arg [-L/lib/../lib64/] ==> dir [/lib/../lib64/]
    arg [-L/usr/lib/../lib64] ==> dir [/usr/lib/../lib64]
    arg [-L/usr/lib/../lib64/] ==> dir [/usr/lib/../lib64/]
    arg [-L/opt/intel/compilers_and_libraries_2017.4.196/linux/daal/../tbb/lib/intel64_lin/gcc4.4/] ==> dir [/opt/intel/compilers_and_libraries_2017.4.196/linux/daal/../tbb/lib/intel64_lin/gcc4.4/]
    arg [-L/opt/intel/compilers_and_libraries_2017.4.196/linux/daal/lib/intel64_lin/] ==> dir [/opt/intel/compilers_and_libraries_2017.4.196/linux/daal/lib/intel64_lin/]
    arg [-L/opt/intel/compilers_and_libraries_2017.4.196/linux/tbb/lib/intel64/gcc4.7/] ==> dir [/opt/intel/compilers_and_libraries_2017.4.196/linux/tbb/lib/intel64/gcc4.7/]
    arg [-L/opt/intel/compilers_and_libraries_2017.4.196/linux/mkl/lib/intel64_lin/] ==> dir [/opt/intel/compilers_and_libraries_2017.4.196/linux/mkl/lib/intel64_lin/]
    arg [-L/opt/intel/compilers_and_libraries_2017.4.196/linux/compiler/lib/intel64_lin/] ==> dir [/opt/intel/compilers_and_libraries_2017.4.196/linux/compiler/lib/intel64_lin/]
    arg [-L/opt/intel/compilers_and_libraries_2017.4.196/linux/ipp/lib/intel64/] ==> dir [/opt/intel/compilers_and_libraries_2017.4.196/linux/ipp/lib/intel64/]
    arg [-L/opt/apps/gcc/5.4.0/lib/gcc/x86_64-unknown-linux-gnu/5.4.0/../../../] ==> dir [/opt/apps/gcc/5.4.0/lib/gcc/x86_64-unknown-linux-gnu/5.4.0/../../../]
    arg [-L/lib64] ==> dir [/lib64]
    arg [-L/lib/] ==> dir [/lib/]
    arg [-L/usr/lib64] ==> dir [/usr/lib64]
    arg [-L/usr/lib] ==> dir [/usr/lib]
    arg [CMakeFiles/cmTC_d64d3.dir/CMakeFortranCompilerABI.F.o] ==> ignore
    arg [-Bdynamic] ==> ignore
    arg [-Bstatic] ==> ignore
    arg [-lifport] ==> lib [ifport]
    arg [-lifcoremt] ==> lib [ifcoremt]
    arg [-limf] ==> lib [imf]
    arg [-lsvml] ==> lib [svml]
    arg [-Bdynamic] ==> ignore
    arg [-lm] ==> lib [m]
    arg [-Bstatic] ==> ignore
    arg [-lipgo] ==> lib [ipgo]
    arg [-lirc] ==> lib [irc]
    arg [-Bdynamic] ==> ignore
    arg [-lpthread] ==> lib [pthread]
    arg [-Bstatic] ==> ignore
    arg [-lsvml] ==> lib [svml]
    arg [-Bdynamic] ==> ignore
    arg [-lc] ==> lib [c]
    arg [-lgcc] ==> lib [gcc]
    arg [-lgcc_s] ==> lib [gcc_s]
    arg [-Bstatic] ==> ignore
    arg [-lirc_s] ==> lib [irc_s]
    arg [-Bdynamic] ==> ignore
    arg [-ldl] ==> lib [dl]
    arg [-lc] ==> lib [c]
    arg [/opt/apps/gcc/5.4.0/lib/gcc/x86_64-unknown-linux-gnu/5.4.0/crtend.o] ==> ignore
    arg [/lib/../lib64/crtn.o] ==> ignore
  collapse library dir [/opt/intel/compilers_and_libraries_2017.4.196/linux/daal/../tbb/lib/intel64_lin/gcc4.4] ==> [/opt/intel/compilers_and_libraries_2017.4.196/linux/tbb/lib/intel64_lin/gcc4.4]
  collapse library dir [/opt/intel/compilers_and_libraries_2017.4.196/linux/daal/lib/intel64_lin] ==> [/opt/intel/compilers_and_libraries_2017.4.196/linux/daal/lib/intel64_lin]
  collapse library dir [/opt/intel/compilers_and_libraries_2017.4.196/linux/tbb/lib/intel64/gcc4.7] ==> [/opt/intel/compilers_and_libraries_2017.4.196/linux/tbb/lib/intel64/gcc4.7]
  collapse library dir [/opt/intel/compilers_and_libraries_2017.4.196/linux/mkl/lib/intel64_lin] ==> [/opt/intel/compilers_and_libraries_2017.4.196/linux/mkl/lib/intel64_lin]
  collapse library dir [/opt/intel/compilers_and_libraries_2017.4.196/linux/compiler/lib/intel64_lin] ==> [/opt/intel/compilers_and_libraries_2017.4.196/linux/compiler/lib/intel64_lin]
  collapse library dir [/opt/intel/compilers_and_libraries_2017.4.196/linux/ipp/lib/intel64] ==> [/opt/intel/compilers_and_libraries_2017.4.196/linux/ipp/lib/intel64]
  collapse library dir [/opt/intel/compilers_and_libraries_2017.4.196/linux/compiler/lib/intel64_lin] ==> [/opt/intel/compilers_and_libraries_2017.4.196/linux/compiler/lib/intel64_lin]
  collapse library dir [/opt/apps/gcc/5.4.0/lib/gcc/x86_64-unknown-linux-gnu/5.4.0/] ==> [/opt/apps/gcc/5.4.0/lib/gcc/x86_64-unknown-linux-gnu/5.4.0]
  collapse library dir [/opt/apps/gcc/5.4.0/lib/gcc/x86_64-unknown-linux-gnu/5.4.0/../../../../lib64] ==> [/opt/apps/gcc/5.4.0/lib64]
  collapse library dir [/opt/apps/gcc/5.4.0/lib/gcc/x86_64-unknown-linux-gnu/5.4.0/../../../../lib64/] ==> [/opt/apps/gcc/5.4.0/lib64]
  collapse library dir [/lib/../lib64] ==> [/lib64]
  collapse library dir [/lib/../lib64/] ==> [/lib64]
  collapse library dir [/usr/lib/../lib64] ==> [/usr/lib64]
  collapse library dir [/usr/lib/../lib64/] ==> [/usr/lib64]
  collapse library dir [/opt/intel/compilers_and_libraries_2017.4.196/linux/daal/../tbb/lib/intel64_lin/gcc4.4/] ==> [/opt/intel/compilers_and_libraries_2017.4.196/linux/tbb/lib/intel64_lin/gcc4.4]
  collapse library dir [/opt/intel/compilers_and_libraries_2017.4.196/linux/daal/lib/intel64_lin/] ==> [/opt/intel/compilers_and_libraries_2017.4.196/linux/daal/lib/intel64_lin]
  collapse library dir [/opt/intel/compilers_and_libraries_2017.4.196/linux/tbb/lib/intel64/gcc4.7/] ==> [/opt/intel/compilers_and_libraries_2017.4.196/linux/tbb/lib/intel64/gcc4.7]
  collapse library dir [/opt/intel/compilers_and_libraries_2017.4.196/linux/mkl/lib/intel64_lin/] ==> [/opt/intel/compilers_and_libraries_2017.4.196/linux/mkl/lib/intel64_lin]
  collapse library dir [/opt/intel/compilers_and_libraries_2017.4.196/linux/compiler/lib/intel64_lin/] ==> [/opt/intel/compilers_and_libraries_2017.4.196/linux/compiler/lib/intel64_lin]
  collapse library dir [/opt/intel/compilers_and_libraries_2017.4.196/linux/ipp/lib/intel64/] ==> [/opt/intel/compilers_and_libraries_2017.4.196/linux/ipp/lib/intel64]
  collapse library dir [/opt/apps/gcc/5.4.0/lib/gcc/x86_64-unknown-linux-gnu/5.4.0/../../../] ==> [/opt/apps/gcc/5.4.0/lib]
  collapse library dir [/lib64] ==> [/lib64]
  collapse library dir [/lib/] ==> [/lib]
  collapse library dir [/usr/lib64] ==> [/usr/lib64]
  collapse library dir [/usr/lib] ==> [/usr/lib]
  implicit libs: [ifport;ifcoremt;imf;svml;m;ipgo;irc;pthread;svml;c;gcc;gcc_s;irc_s;dl;c]
  implicit dirs: [/opt/intel/compilers_and_libraries_2017.4.196/linux/tbb/lib/intel64_lin/gcc4.4;/opt/intel/compilers_and_libraries_2017.4.196/linux/daal/lib/intel64_lin;/opt/intel/compilers_and_libraries_2017.4.196/linux/tbb/lib/intel64/gcc4.7;/opt/intel/compilers_and_libraries_2017.4.196/linux/mkl/lib/intel64_lin;/opt/intel/compilers_and_libraries_2017.4.196/linux/compiler/lib/intel64_lin;/opt/intel/compilers_and_libraries_2017.4.196/linux/ipp/lib/intel64;/opt/apps/gcc/5.4.0/lib/gcc/x86_64-unknown-linux-gnu/5.4.0;/opt/apps/gcc/5.4.0/lib64;/lib64;/usr/lib64;/opt/apps/gcc/5.4.0/lib;/lib;/usr/lib]
  implicit fwks: []


Determining if the Fortran compiler supports Fortran 90 passed with the following output:
Change Dir: /work2/04637/mdl2665/stampede2/From_Kyle/ATMESH/build/CMakeFiles/CMakeTmp

Run Build Command(s):/bin/gmake cmTC_37f5b/fast && /bin/gmake -f CMakeFiles/cmTC_37f5b.dir/build.make CMakeFiles/cmTC_37f5b.dir/build
gmake[1]: Entering directory `/work2/04637/mdl2665/stampede2/From_Kyle/ATMESH/build/CMakeFiles/CMakeTmp'
Building Fortran object CMakeFiles/cmTC_37f5b.dir/testFortranCompilerF90.f90.o
/opt/intel/compilers_and_libraries_2017.4.196/linux/bin/intel64/ifort    -c /work2/04637/mdl2665/stampede2/From_Kyle/ATMESH/build/CMakeFiles/CMakeTmp/testFortranCompilerF90.f90 -o CMakeFiles/cmTC_37f5b.dir/testFortranCompilerF90.f90.o
Linking Fortran executable cmTC_37f5b
/opt/apps/cmake/3.16.1/bin/cmake -E cmake_link_script CMakeFiles/cmTC_37f5b.dir/link.txt --verbose=1
/opt/intel/compilers_and_libraries_2017.4.196/linux/bin/intel64/ifort      CMakeFiles/cmTC_37f5b.dir/testFortranCompilerF90.f90.o  -o cmTC_37f5b 
gmake[1]: Leaving directory `/work2/04637/mdl2665/stampede2/From_Kyle/ATMESH/build/CMakeFiles/CMakeTmp'



